2018-03-05 09:26:43,946 INFO  [Log] IE browser started 
2018-03-05 09:26:43,955 INFO  [Log] Implicit wait applied on the driver for 1 seconds 
2018-03-05 09:26:43,959 INFO  [Log] Launch google website 
2018-03-05 09:28:32,422 INFO  [Log] IE browser started 
2018-03-05 09:28:32,440 INFO  [Log] Implicit wait applied on the driver for 1 seconds 
2018-03-05 09:28:32,444 INFO  [Log] Launch google website 
2018-03-05 09:31:51,845 INFO  [Log] IE browser started 
2018-03-05 09:31:51,854 INFO  [Log] Implicit wait applied on the driver for 1 seconds 
2018-03-05 09:31:51,858 INFO  [Log] Launch google website 
2018-03-05 16:58:08,732 INFO  [Log] Launch onlinestore website 
2018-03-06 08:21:46,226 INFO  [Log] Launch onlinestore website 
2018-03-06 08:25:58,707 INFO  [Log] Launch onlinestore website 
2018-03-06 08:30:13,438 INFO  [Log] Launch onlinestore website 
2018-03-06 08:32:50,305 INFO  [Log] Launch onlinestore website 
2018-03-06 08:34:37,701 INFO  [Log] Launch onlinestore website 
2018-03-06 08:36:15,193 INFO  [Log] Launch onlinestore website 
2018-03-06 15:37:59,011 INFO  [Log] Launch onlinestore website 
2018-03-06 15:38:38,255 INFO  [Log] Launch onlinestore website 
2018-03-06 15:39:26,242 INFO  [Log] Launch onlinestore website 
2018-03-06 15:41:37,579 INFO  [Log] Launch onlinestore website 
2018-03-06 15:42:19,822 INFO  [Log] Launch onlinestore website 
2018-03-06 15:43:38,861 INFO  [Log] Launch onlinestore website 
2018-03-06 15:44:37,999 INFO  [Log] Launch onlinestore website 
2018-03-06 15:45:53,037 INFO  [Log] Launch onlinestore website 
2018-03-06 16:19:42,814 INFO  [Log] Launch onlinestore website 
2018-03-06 16:21:47,832 INFO  [Log] Launch onlinestore website 
2018-03-06 16:23:17,134 INFO  [Log] Launch onlinestore website 
2018-03-06 16:24:24,594 INFO  [Log] Launch onlinestore website 
2018-03-06 16:26:02,261 INFO  [Log] Launch onlinestore website 
2018-03-06 16:27:53,138 INFO  [Log] Launch onlinestore website 
2018-03-06 16:29:08,359 INFO  [Log] Launch onlinestore website 
2018-03-07 08:18:20,662 INFO  [Log] Launch onlinestore website 
2018-03-07 08:24:44,941 INFO  [Log] Launch onlinestore website 
2018-03-07 08:28:29,303 INFO  [Log] IE browser started 
2018-03-07 08:28:29,321 INFO  [Log] Implicit wait applied on the driver for 1 seconds 
2018-03-07 08:28:29,335 INFO  [Log] Launch google website 
2018-03-07 08:30:45,190 INFO  [Log] Launch onlinestore website 
2018-03-07 08:31:50,570 INFO  [Log] Launch onlinestore website 
2018-03-07 08:35:17,632 INFO  [Log] Launch onlinestore website 
2018-03-07 08:36:23,707 INFO  [Log] Launch onlinestore website 
2018-03-07 08:38:07,660 INFO  [Log] Launch onlinestore website 
2018-03-07 16:17:42,737 INFO  [Log] Launch onlinestore website 
2018-03-09 07:47:13,538 INFO  [Log] Start to test--|Class-testcases|Method-DebugUtils|  
2018-03-09 07:47:13,543 INFO  [Log] Function---|Class Utils.FileSystems | Method isFolderExists |--- gets Started 
2018-03-09 07:47:13,543 INFO  [Log] The folder--- D:\FRWeb\004_FileSystemPractice\TestFolder ---Exists 
2018-03-09 07:47:13,544 INFO  [Log] Complete the test--|Class-testcases|Method-DebugUtils|  
2018-03-09 07:51:26,237 INFO  [Log] Start to test--|Class-testcases|Method-DebugUtils|  
2018-03-09 07:51:26,240 INFO  [Log] Function---|Class Utils.FileSystems | Method isFolderExists |--- gets Started 
2018-03-09 07:51:26,240 INFO  [Log] The folder--- D:\FRWeb\004_FileSystemPractice\TestFolder ---Exists 
2018-03-09 07:51:26,240 INFO  [Log] Function---|Class Utils.FileSystems | Method isFolderExists |--- gets completed 
2018-03-09 07:51:26,241 INFO  [Log] Complete the test--|Class-testcases|Method-DebugUtils|  
2018-03-09 07:53:04,662 INFO  [Log] Start to test--|Class-testcases|Method-DebugUtils|  
2018-03-09 07:53:04,664 INFO  [Log] Function---|Class Utils.FileSystems | Method isFolderExists |--- gets Started 
2018-03-09 07:53:04,665 INFO  [Log] The folder--- D:\FRWeb\004_FileSystemPractice\TestFolder\test ---NOT Exists 
2018-03-09 07:53:04,665 INFO  [Log] Function---|Class Utils.FileSystems | Method isFolderExists |--- gets completed 
2018-03-09 07:53:04,665 INFO  [Log] Complete the test--|Class-testcases|Method-DebugUtils|  
2018-03-09 08:43:42,607 INFO  [Log] Start to test--|Class-testcases|Method-DebugUtils|  
2018-03-09 08:43:42,613 INFO  [Log] Function---|Class Utils.FileSystems | Method getFileSize |--- gets Started 
2018-03-09 08:43:42,613 INFO  [Log] The File size is 46560 bytes 
2018-03-09 08:43:42,622 INFO  [Log] Function---|Class Utility.Formating | Method sizeConverting |--- gets Started 
2018-03-09 08:43:42,623 INFO  [Log] The size is---45.47 Kb 
2018-03-09 08:43:42,623 INFO  [Log] Function---|Class Utility.Formating | Method sizeConverting |--- gets completed 
2018-03-09 08:43:42,623 INFO  [Log] Function---|Class Utility.Formating | Method sizeConverting |--- gets Started 
2018-03-09 08:43:42,623 INFO  [Log] The size is---45.47 Kb 
2018-03-09 08:43:42,623 INFO  [Log] Function---|Class Utility.Formating | Method sizeConverting |--- gets completed 
2018-03-09 08:43:42,623 INFO  [Log] 45.47 Kb 
2018-03-09 08:43:42,623 INFO  [Log] Function---|Class Utils.FileSystems | Method getFileSize |--- gets completed 
2018-03-09 08:43:42,624 INFO  [Log] Complete the test--|Class-testcases|Method-DebugUtils|  
2018-03-09 08:58:09,172 INFO  [Log] Start to test--|Class-testcases|Method-DebugUtils|  
2018-03-09 08:58:09,177 INFO  [Log] Function---|Class Utils.FileSystems | Method getFileSize |--- gets Started 
2018-03-09 08:58:09,178 INFO  [Log] The File size is 46560 bytes 
2018-03-09 08:58:09,187 INFO  [Log] Function---|Class Utility.Formating | Method sizeConverting |--- gets Started 
2018-03-09 08:58:09,187 INFO  [Log] The size is---45.47 Kb 
2018-03-09 08:58:09,188 INFO  [Log] Function---|Class Utility.Formating | Method sizeConverting |--- gets completed 
2018-03-09 08:58:09,188 INFO  [Log] Function---|Class Utility.Formating | Method sizeConverting |--- gets Started 
2018-03-09 08:58:09,188 INFO  [Log] The size is---45.47 Kb 
2018-03-09 08:58:09,188 INFO  [Log] Function---|Class Utility.Formating | Method sizeConverting |--- gets completed 
2018-03-09 08:58:09,188 INFO  [Log] 45.47 Kb 
2018-03-09 08:58:09,188 INFO  [Log] Function---|Class Utils.FileSystems | Method getFileSize |--- gets completed 
2018-03-09 08:58:09,189 INFO  [Log] Complete the test--|Class-testcases|Method-DebugUtils|  
2018-03-09 09:02:00,383 INFO  [Log] Start to test--|Class-testcases|Method-DebugUtils|  
2018-03-09 09:02:00,386 INFO  [Log] Function---|Class Utils.FileSystems | Method getFileSize |--- gets Started 
2018-03-09 09:02:00,386 INFO  [Log] The File size is 46560 bytes 
2018-03-09 09:02:00,392 INFO  [Log] Function---|Class Utility.Formating | Method sizeConverting |--- gets Started 
2018-03-09 09:02:00,393 INFO  [Log] The size is---45.47 Kb 
2018-03-09 09:02:00,393 INFO  [Log] Function---|Class Utility.Formating | Method sizeConverting |--- gets completed 
2018-03-09 09:02:00,393 INFO  [Log] Function---|Class Utility.Formating | Method sizeConverting |--- gets Started 
2018-03-09 09:02:00,393 INFO  [Log] The size is---45.47 Kb 
2018-03-09 09:02:00,393 INFO  [Log] Function---|Class Utility.Formating | Method sizeConverting |--- gets completed 
2018-03-09 09:02:00,393 INFO  [Log] 45.47 Kb 
2018-03-09 09:02:00,393 INFO  [Log] Function---|Class Utils.FileSystems | Method getFileSize |--- gets completed 
2018-03-09 09:02:00,394 INFO  [Log] Complete the test--|Class-testcases|Method-DebugUtils|  
2018-03-09 09:05:48,284 INFO  [Log] Start to test--|Class-testcases|Method-DebugUtils|  
2018-03-09 09:05:48,286 INFO  [Log] Function---|Class Utils.FileSystems | Method getFileSize |--- gets Started 
2018-03-09 09:05:48,287 INFO  [Log] The File size is 46560 bytes 
2018-03-09 09:05:48,293 INFO  [Log] Function---|Class Utility.Formating | Method sizeConverting |--- gets Started 
2018-03-09 09:05:48,294 INFO  [Log] The size is---45.47 Kb 
2018-03-09 09:05:48,294 INFO  [Log] Function---|Class Utility.Formating | Method sizeConverting |--- gets completed 
2018-03-09 09:05:48,294 INFO  [Log] Function---|Class Utility.Formating | Method sizeConverting |--- gets Started 
2018-03-09 09:05:48,294 INFO  [Log] The size is---45.47 Kb 
2018-03-09 09:05:48,294 INFO  [Log] Function---|Class Utility.Formating | Method sizeConverting |--- gets completed 
2018-03-09 09:05:48,294 INFO  [Log] 45.47 Kb 
2018-03-09 09:05:48,294 INFO  [Log] Function---|Class Utils.FileSystems | Method getFileSize |--- gets completed 
2018-03-09 09:05:48,295 INFO  [Log] Complete the test--|Class-testcases|Method-DebugUtils|  
2018-03-09 09:12:36,031 INFO  [Log] Start to test--|Class-testcases|Method-DebugUtils|  
2018-03-09 09:12:36,037 INFO  [Log] Function---|Class Utils.FileSystems | Method getFileSize |--- gets Started 
2018-03-09 09:12:36,043 INFO  [Log] Function---|Class Utility.Formating | Method sizeConverting |--- gets Started 
2018-03-09 09:12:36,044 INFO  [Log] The size is---45.47 Kb 
2018-03-09 09:12:36,044 INFO  [Log] Function---|Class Utility.Formating | Method sizeConverting |--- gets completed 
2018-03-09 09:12:36,044 INFO  [Log] 45.47 Kb 
2018-03-09 09:12:36,044 INFO  [Log] Function---|Class Utils.FileSystems | Method getFileSize |--- gets completed 
2018-03-09 09:12:36,044 INFO  [Log] Complete the test--|Class-testcases|Method-DebugUtils|  
2018-03-09 09:14:21,529 INFO  [Log] Start to test--|Class-testcases|Method-DebugUtils|  
2018-03-09 09:14:21,534 INFO  [Log] Function---|Class Utils.FileSystems | Method getFileSize |--- gets Started 
2018-03-09 09:14:21,543 INFO  [Log] Function---|Class Utility.Formating | Method sizeConverting |--- gets Started 
2018-03-09 09:14:21,544 INFO  [Log] The size is---45.47 Kb 
2018-03-09 09:14:21,544 INFO  [Log] Function---|Class Utility.Formating | Method sizeConverting |--- gets completed 
2018-03-09 09:14:21,544 INFO  [Log] 45.47 Kb 
2018-03-09 09:14:21,544 INFO  [Log] Function---|Class Utils.FileSystems | Method getFileSize |--- gets completed 
2018-03-09 09:14:21,545 INFO  [Log] Complete the test--|Class-testcases|Method-DebugUtils|  
2018-03-09 09:44:28,123 INFO  [Log] Start to test--|Class-testcases|Method-DebugUtils|  
2018-03-09 09:44:28,126 INFO  [Log] Function---|Class Utils.FileSystems | Method getFileSize |--- gets Started 
2018-03-09 09:44:28,132 INFO  [Log] Function---|Class Utility.Formating | Method sizeConverting |--- gets Started 
2018-03-09 09:44:28,133 INFO  [Log] The size is---1.29 GB 
2018-03-09 09:44:28,133 INFO  [Log] Function---|Class Utility.Formating | Method sizeConverting |--- gets completed 
2018-03-09 09:44:28,133 INFO  [Log] 1.29 GB 
2018-03-09 09:44:28,133 INFO  [Log] Function---|Class Utils.FileSystems | Method getFileSize |--- gets completed 
2018-03-09 09:44:28,133 INFO  [Log] Complete the test--|Class-testcases|Method-DebugUtils|  
2018-03-09 09:46:57,411 INFO  [Log] Start to test--|Class-testcases|Method-DebugUtils|  
2018-03-09 09:46:57,417 INFO  [Log] Function---|Class Utils.FileSystems | Method getFileSize |--- gets Started 
2018-03-09 09:46:57,426 INFO  [Log] Function---|Class Utility.Formating | Method sizeConverting |--- gets Started 
2018-03-09 09:46:57,427 INFO  [Log] The size is---16.23 MB 
2018-03-09 09:46:57,427 INFO  [Log] Function---|Class Utility.Formating | Method sizeConverting |--- gets completed 
2018-03-09 09:46:57,427 INFO  [Log] 16.23 MB 
2018-03-09 09:46:57,427 INFO  [Log] Function---|Class Utils.FileSystems | Method getFileSize |--- gets completed 
2018-03-09 09:46:57,427 INFO  [Log] Complete the test--|Class-testcases|Method-DebugUtils|  
2018-03-09 09:47:49,694 INFO  [Log] Start to test--|Class-testcases|Method-DebugUtils|  
2018-03-09 09:47:49,699 INFO  [Log] Function---|Class Utils.FileSystems | Method getFileSize |--- gets Started 
2018-03-09 09:47:49,699 INFO  [Log] The File--- testx.txt ---NOT Exists 
2018-03-09 09:47:49,699 INFO  [Log] Function---|Class Utils.FileSystems | Method getFileSize |--- gets completed 
2018-03-09 09:47:49,700 INFO  [Log] Complete the test--|Class-testcases|Method-DebugUtils|  
